#
# There is insufficient memory for the Java Runtime Environment to continue.
# Native memory allocation (malloc) failed to allocate 1048576 bytes for AllocateHeap
# Possible reasons:
#   The system is out of physical RAM or swap space
#   In 32 bit mode, the process size limit was hit
# Possible solutions:
#   Reduce memory load on the system
#   Increase physical memory or swap space
#   Check if swap backing store is full
#   Use 64 bit Java on a 64 bit OS
#   Decrease Java heap size (-Xmx/-Xms)
#   Decrease number of Java threads
#   Decrease Java thread stack sizes (-Xss)
#   Set larger code cache with -XX:ReservedCodeCacheSize=
# This output file may be truncated or incomplete.
#
#  Out of Memory Error (memory/allocation.inline.hpp:61), pid=10208, tid=7508
#
# JRE version:  (8.0_73-b02) (build )
# Java VM: Java HotSpot(TM) 64-Bit Server VM (25.73-b02 mixed mode windows-amd64 compressed oops)
# Failed to write core dump. Minidumps are not enabled by default on client versions of Windows
#

---------------  T H R E A D  ---------------

Current thread (0x0000000002533000):  JavaThread "Unknown thread" [_thread_in_vm, id=7508, stack(0x0000000002430000,0x0000000002530000)]

Stack: [0x0000000002430000,0x0000000002530000]
[error occurred during error reporting (printing stack bounds), id 0xc0000005]

Native frames: (J=compiled Java code, j=interpreted, Vv=VM code, C=native code)


---------------  P R O C E S S  ---------------

Java Threads: ( => current thread )

Other Threads:

=>0x0000000002533000 (exited) JavaThread "Unknown thread" [_thread_in_vm, id=7508, stack(0x0000000002430000,0x0000000002530000)]

VM state:not at safepoint (normal execution)

VM Mutex/Monitor currently owned by a thread: None

Heap:
 PSYoungGen      total 38400K, used 665K [0x00000000eab00000, 0x00000000ed580000, 0x0000000100000000)
  eden space 33280K, 2% used [0x00000000eab00000,0x00000000eaba6670,0x00000000ecb80000)
  from space 5120K, 0% used [0x00000000ed080000,0x00000000ed080000,0x00000000ed580000)
  to   space 5120K, 0% used [0x00000000ecb80000,0x00000000ecb80000,0x00000000ed080000)
 ParOldGen       total 87552K, used 0K [0x00000000c0000000, 0x00000000c5580000, 0x00000000eab00000)
  object space 87552K, 0% used [0x00000000c0000000,0x00000000c0000000,0x00000000c5580000)
 Metaspace       used 769K, capacity 4480K, committed 4480K, reserved 1056768K
  class space    used 75K, capacity 384K, committed 384K, reserved 1048576K

Card table byte_map: [0x00000000119f0000,0x0000000011c00000] byte_map_base: 0x00000000113f0000

Marking Bits: (ParMarkBitMap*) 0x0000000076a60600
 Begin Bits: [0x0000000012160000, 0x0000000013160000)
 End Bits:   [0x0000000013160000, 0x0000000014160000)

Polling page: 0x0000000001f40000

CodeCache: size=245760Kb used=328Kb max_used=328Kb free=245431Kb
 bounds [0x0000000002630000, 0x00000000028a0000, 0x0000000011630000]
 total_blobs=57 nmethods=0 adapters=37
 compilation: enabled

Compilation events (0 events):
No events

GC Heap History (0 events):
No events

Deoptimization events (0 events):
No events

Internal exceptions (0 events):
No events

Events (10 events):
Event: 0.113 loading class java/lang/Short
Event: 0.113 loading class java/lang/Short done
Event: 0.113 loading class java/lang/Integer
Event: 0.113 loading class java/lang/Integer done
Event: 0.113 loading class java/lang/Long
Event: 0.113 loading class java/lang/Long done
Event: 0.114 loading class java/lang/NullPointerException
Event: 0.114 loading class java/lang/NullPointerException done
Event: 0.114 loading class java/lang/ArithmeticException
Event: 0.114 loading class java/lang/ArithmeticException done


Dynamic libraries:
0x00007ff722aa0000 - 0x00007ff722ad7000 	C:\Program Files\Java\jdk1.8.0_73\bin\java.exe
0x00007ffdf67e0000 - 0x00007ffdf69a1000 	C:\WINDOWS\SYSTEM32\ntdll.dll
0x00007ffdf3cb0000 - 0x00007ffdf3d5d000 	C:\WINDOWS\system32\KERNEL32.DLL
0x00007ffdf3930000 - 0x00007ffdf3b18000 	C:\WINDOWS\system32\KERNELBASE.dll
0x00007ffdf60b0000 - 0x00007ffdf6157000 	C:\WINDOWS\system32\ADVAPI32.dll
0x00007ffdf4170000 - 0x00007ffdf420d000 	C:\WINDOWS\system32\msvcrt.dll
0x00007ffdf4710000 - 0x00007ffdf476b000 	C:\WINDOWS\system32\sechost.dll
0x00007ffdf45f0000 - 0x00007ffdf470c000 	C:\WINDOWS\system32\RPCRT4.dll
0x00007ffdf47d0000 - 0x00007ffdf4926000 	C:\WINDOWS\system32\USER32.dll
0x00007ffdf6160000 - 0x00007ffdf62e6000 	C:\WINDOWS\system32\GDI32.dll
0x00007ffde3af0000 - 0x00007ffde3d64000 	C:\WINDOWS\WinSxS\amd64_microsoft.windows.common-controls_6595b64144ccf1df_6.0.10586.0_none_8c15ae12515e1c22\COMCTL32.dll
0x00007ffdf4370000 - 0x00007ffdf45ed000 	C:\WINDOWS\system32\combase.dll
0x00007ffdf2e90000 - 0x00007ffdf2efa000 	C:\WINDOWS\system32\bcryptPrimitives.dll
0x00007ffdf3f10000 - 0x00007ffdf3f4b000 	C:\WINDOWS\system32\IMM32.DLL
0x0000000075d70000 - 0x0000000075e42000 	C:\Program Files\Java\jdk1.8.0_73\jre\bin\msvcr100.dll
0x0000000076250000 - 0x0000000076ae0000 	C:\Program Files\Java\jdk1.8.0_73\jre\bin\server\jvm.dll
0x00007ffdf49c0000 - 0x00007ffdf49c8000 	C:\WINDOWS\system32\PSAPI.DLL
0x00007ffdf0d10000 - 0x00007ffdf0d19000 	C:\WINDOWS\SYSTEM32\WSOCK32.dll
0x00007ffdf49d0000 - 0x00007ffdf4a3b000 	C:\WINDOWS\system32\WS2_32.dll
0x00007ffdf11e0000 - 0x00007ffdf1203000 	C:\WINDOWS\SYSTEM32\WINMM.dll
0x00007ffde6ea0000 - 0x00007ffde6eaa000 	C:\WINDOWS\SYSTEM32\VERSION.dll
0x00007ffdf1130000 - 0x00007ffdf115c000 	C:\WINDOWS\SYSTEM32\WINMMBASE.dll
0x00007ffdf37a0000 - 0x00007ffdf37e3000 	C:\WINDOWS\system32\cfgmgr32.dll
0x0000000076e60000 - 0x0000000076e6f000 	C:\Program Files\Java\jdk1.8.0_73\jre\bin\verify.dll
0x0000000076e30000 - 0x0000000076e59000 	C:\Program Files\Java\jdk1.8.0_73\jre\bin\java.dll
0x0000000076e10000 - 0x0000000076e26000 	C:\Program Files\Java\jdk1.8.0_73\jre\bin\zip.dll

VM Arguments:
jvm_args: -Djava.awt.headless=true -Xmx1024M -Dfile.encoding=GBK -Duser.country=CN -Duser.language=zh -Duser.variant 
java_command: com.android.dx.command.Main --dex --force-jumbo --num-threads=4 --multi-dex --output E:\AndroidStudioProjects\Photopicker\app\build\intermediates\transforms\dex\debug\folders\1000\5\slice_1 E:\AndroidStudioProjects\Photopicker\app\build\intermediates\transforms\instantRunSlicer\debug\folders\1\5\slice_1
java_class_path (initial): D:\android_sdk\build-tools\23.0.3\lib\dx.jar
Launcher Type: SUN_STANDARD

Environment Variables:
JAVA_HOME=C:\Program Files\Java\jdk1.8.0_73
CLASSPATH=.;C:\Program Files\Java\jdk1.8.0_73\lib\dt.jar;C:\Program Files\Java\jdk1.8.0_73\lib\tools.jar;
PATH=C:\ProgramData\Oracle\Java\javapath;C:\Program Files (x86)\Intel\iCLS Client\;C:\Program Files\Intel\iCLS Client\;C:\Windows\system32;C:\Windows;C:\Windows\System32\Wbem;C:\Windows\System32\WindowsPowerShell\v1.0\;C:\Program Files (x86)\NVIDIA Corporation\PhysX\Common;C:\Program Files (x86)\Intel\Intel(R) Management Engine Components\DAL;C:\Program Files\Intel\Intel(R) Management Engine Components\DAL;C:\Program Files (x86)\Intel\Intel(R) Management Engine Components\IPT;C:\Program Files\Intel\Intel(R) Management Engine Components\IPT;C:\Program Files\Intel\WiFi\bin\;C:\Program Files\Common Files\Intel\WirelessCommon\;C:\WINDOWS\system32;C:\WINDOWS;C:\WINDOWS\System32\Wbem;C:\WINDOWS\System32\WindowsPowerShell\v1.0\;D:\Android_Tools\android-sdk-windows_SDKTools 24.1.2_SDK5.1\android-sdk-windowsplatform-tools;D:\Android_Tools\android-sdk-windows_SDKTools 24.1.2_SDK5.1\android-sdk-windowstools;C:\Program Files\Java\jdk1.8.0_73\bin;C:\Program Files\Java\jdk1.8.0_73\jre\bin;D:\Android_Tools\android-sdk-windows_SD
USERNAME=zzq
OS=Windows_NT
PROCESSOR_IDENTIFIER=Intel64 Family 6 Model 94 Stepping 3, GenuineIntel



---------------  S Y S T E M  ---------------

OS: Windows 10.0 , 64 bit Build 10586 (10.0.10586.0)

CPU:total 4 (4 cores per cpu, 1 threads per core) family 6 model 94 stepping 3, cmov, cx8, fxsr, mmx, sse, sse2, sse3, ssse3, sse4.1, sse4.2, popcnt, avx, avx2, aes, clmul, erms, rtm, 3dnowpref, lzcnt, tsc, tscinvbit, bmi1, bmi2, adx

Memory: 4k page, physical 8300452k(1929672k free), swap 8300452k(6028k free)

vm_info: Java HotSpot(TM) 64-Bit Server VM (25.73-b02) for windows-amd64 JRE (1.8.0_73-b02), built on Jan 29 2016 17:38:49 by "java_re" with MS VC++ 10.0 (VS2010)

time: Sat May 07 19:35:29 2016
elapsed time: 0 seconds (0d 0h 0m 0s)

