#
# There is insufficient memory for the Java Runtime Environment to continue.
# Native memory allocation (malloc) failed to allocate 1111376 bytes for Chunk::new
# Possible reasons:
#   The system is out of physical RAM or swap space
#   In 32 bit mode, the process size limit was hit
# Possible solutions:
#   Reduce memory load on the system
#   Increase physical memory or swap space
#   Check if swap backing store is full
#   Use 64 bit Java on a 64 bit OS
#   Decrease Java heap size (-Xmx/-Xms)
#   Decrease number of Java threads
#   Decrease Java thread stack sizes (-Xss)
#   Set larger code cache with -XX:ReservedCodeCacheSize=
# This output file may be truncated or incomplete.
#
#  Out of Memory Error (allocation.cpp:390), pid=9540, tid=9792
#
# JRE version: Java(TM) SE Runtime Environment (8.0_73-b02) (build 1.8.0_73-b02)
# Java VM: Java HotSpot(TM) 64-Bit Server VM (25.73-b02 mixed mode windows-amd64 compressed oops)
# Failed to write core dump. Minidumps are not enabled by default on client versions of Windows
#

---------------  T H R E A D  ---------------

Current thread (0x0000000014d3e000):  JavaThread "C2 CompilerThread1" daemon [_thread_in_native, id=9792, stack(0x0000000016760000,0x0000000016860000)]

Stack: [0x0000000016760000,0x0000000016860000]
[error occurred during error reporting (printing stack bounds), id 0xc0000005]

Native frames: (J=compiled Java code, j=interpreted, Vv=VM code, C=native code)


Current CompileTask:
C2:   3338 1859       4       com.android.dx.dex.code.OutputFinisher::addConstants (93 bytes)


---------------  P R O C E S S  ---------------

Java Threads: ( => current thread )
  0x00000000165e1000 JavaThread "pool-1-thread-1" [_thread_in_vm, id=7288, stack(0x0000000018830000,0x0000000018930000)]
  0x00000000163cb000 JavaThread "Service Thread" daemon [_thread_blocked, id=9888, stack(0x0000000016960000,0x0000000016a60000)]
  0x00000000163b5000 JavaThread "C1 CompilerThread2" daemon [_thread_blocked, id=9828, stack(0x0000000016860000,0x0000000016960000)]
=>0x0000000014d3e000 JavaThread "C2 CompilerThread1" daemon [_thread_in_native, id=9792, stack(0x0000000016760000,0x0000000016860000)]
  0x0000000014d3b000 JavaThread "C2 CompilerThread0" daemon [_thread_blocked, id=9772, stack(0x0000000016260000,0x0000000016360000)]
  0x0000000014d39800 JavaThread "Attach Listener" daemon [_thread_blocked, id=9768, stack(0x0000000016160000,0x0000000016260000)]
  0x0000000014ced800 JavaThread "Signal Dispatcher" daemon [_thread_blocked, id=9764, stack(0x0000000016060000,0x0000000016160000)]
  0x0000000002600800 JavaThread "Finalizer" daemon [_thread_blocked, id=9752, stack(0x0000000015f60000,0x0000000016060000)]
  0x00000000025fd000 JavaThread "Reference Handler" daemon [_thread_blocked, id=9748, stack(0x0000000015e60000,0x0000000015f60000)]
  0x00000000008fe000 JavaThread "main" [_thread_blocked, id=9680, stack(0x0000000002080000,0x0000000002180000)]

Other Threads:
  0x0000000014ca8000 VMThread [stack: 0x0000000015d60000,0x0000000015e60000] [id=9744]
  0x00000000163d8800 WatcherThread [stack: 0x0000000016a60000,0x0000000016b60000] [id=9912]

VM state:not at safepoint (normal execution)

VM Mutex/Monitor currently owned by a thread: None

Heap:
 PSYoungGen      total 38400K, used 30089K [0x00000000eab00000, 0x00000000ef600000, 0x0000000100000000)
  eden space 33280K, 75% used [0x00000000eab00000,0x00000000ec36a550,0x00000000ecb80000)
  from space 5120K, 99% used [0x00000000ecb80000,0x00000000ed078010,0x00000000ed080000)
  to   space 5120K, 0% used [0x00000000ef100000,0x00000000ef100000,0x00000000ef600000)
 ParOldGen       total 87552K, used 10160K [0x00000000c0000000, 0x00000000c5580000, 0x00000000eab00000)
  object space 87552K, 11% used [0x00000000c0000000,0x00000000c09ec388,0x00000000c5580000)
 Metaspace       used 6651K, capacity 7384K, committed 7680K, reserved 1056768K
  class space    used 625K, capacity 656K, committed 768K, reserved 1048576K

Card table byte_map: [0x00000000119d0000,0x0000000011be0000] byte_map_base: 0x00000000113d0000

Marking Bits: (ParMarkBitMap*) 0x0000000076a60600
 Begin Bits: [0x0000000012140000, 0x0000000013140000)
 End Bits:   [0x0000000013140000, 0x0000000014140000)

Polling page: 0x0000000000510000

CodeCache: size=245760Kb used=8019Kb max_used=8021Kb free=237740Kb
 bounds [0x0000000002610000, 0x0000000002df0000, 0x0000000011610000]
 total_blobs=2287 nmethods=2015 adapters=184
 compilation: enabled

Compilation events (10 events):
Event: 3.329 Thread 0x00000000163b5000 nmethod 2040 0x0000000002de4e90 code [0x0000000002de5000, 0x0000000002de52a8]
Event: 3.329 Thread 0x00000000163b5000 2044       3       com.android.dx.rop.code.RegisterSpec::compareTo (95 bytes)
Event: 3.329 Thread 0x0000000014d3b000 nmethod 2045 0x0000000002c9b110 code [0x0000000002c9b240, 0x0000000002c9b2b8]
Event: 3.330 Thread 0x00000000163b5000 nmethod 2044 0x0000000002decc90 code [0x0000000002dece80, 0x0000000002ded9c8]
Event: 3.330 Thread 0x00000000163b5000 2042       1       com.android.dx.dex.code.form.Form31c::codeSize (2 bytes)
Event: 3.330 Thread 0x00000000163b5000 nmethod 2042 0x0000000002de4bd0 code [0x0000000002de4d20, 0x0000000002de4e30]
Event: 3.330 Thread 0x00000000163b5000 2043       3       java.lang.Integer::valueOf (32 bytes)
Event: 3.330 Thread 0x00000000163b5000 nmethod 2043 0x0000000002de4550 code [0x0000000002de46c0, 0x0000000002de4a10]
Event: 3.330 Thread 0x00000000163b5000 2046       3       com.android.dx.dex.code.OutputFinisher::finishProcessingAndGetList (74 bytes)
Event: 3.331 Thread 0x00000000163b5000 nmethod 2046 0x0000000002dec2d0 code [0x0000000002dec4c0, 0x0000000002deca18]

GC Heap History (6 events):
Event: 1.898 GC heap before
{Heap before GC invocations=1 (full 0):
 PSYoungGen      total 38400K, used 33280K [0x00000000eab00000, 0x00000000ed580000, 0x0000000100000000)
  eden space 33280K, 100% used [0x00000000eab00000,0x00000000ecb80000,0x00000000ecb80000)
  from space 5120K, 0% used [0x00000000ed080000,0x00000000ed080000,0x00000000ed580000)
  to   space 5120K, 0% used [0x00000000ecb80000,0x00000000ecb80000,0x00000000ed080000)
 ParOldGen       total 87552K, used 0K [0x00000000c0000000, 0x00000000c5580000, 0x00000000eab00000)
  object space 87552K, 0% used [0x00000000c0000000,0x00000000c0000000,0x00000000c5580000)
 Metaspace       used 5926K, capacity 6774K, committed 7040K, reserved 1056768K
  class space    used 600K, capacity 622K, committed 640K, reserved 1048576K
Event: 1.903 GC heap after
Heap after GC invocations=1 (full 0):
 PSYoungGen      total 38400K, used 5096K [0x00000000eab00000, 0x00000000ed580000, 0x0000000100000000)
  eden space 33280K, 0% used [0x00000000eab00000,0x00000000eab00000,0x00000000ecb80000)
  from space 5120K, 99% used [0x00000000ecb80000,0x00000000ed07a050,0x00000000ed080000)
  to   space 5120K, 0% used [0x00000000ed080000,0x00000000ed080000,0x00000000ed580000)
 ParOldGen       total 87552K, used 972K [0x00000000c0000000, 0x00000000c5580000, 0x00000000eab00000)
  object space 87552K, 1% used [0x00000000c0000000,0x00000000c00f31e8,0x00000000c5580000)
 Metaspace       used 5926K, capacity 6774K, committed 7040K, reserved 1056768K
  class space    used 600K, capacity 622K, committed 640K, reserved 1048576K
}
Event: 2.300 GC heap before
{Heap before GC invocations=2 (full 0):
 PSYoungGen      total 38400K, used 38376K [0x00000000eab00000, 0x00000000ed580000, 0x0000000100000000)
  eden space 33280K, 100% used [0x00000000eab00000,0x00000000ecb80000,0x00000000ecb80000)
  from space 5120K, 99% used [0x00000000ecb80000,0x00000000ed07a050,0x00000000ed080000)
  to   space 5120K, 0% used [0x00000000ed080000,0x00000000ed080000,0x00000000ed580000)
 ParOldGen       total 87552K, used 972K [0x00000000c0000000, 0x00000000c5580000, 0x00000000eab00000)
  object space 87552K, 1% used [0x00000000c0000000,0x00000000c00f31e8,0x00000000c5580000)
 Metaspace       used 6281K, capacity 7094K, committed 7296K, reserved 1056768K
  class space    used 605K, capacity 622K, committed 640K, reserved 1048576K
Event: 2.401 GC heap after
Heap after GC invocations=2 (full 0):
 PSYoungGen      total 38400K, used 5106K [0x00000000eab00000, 0x00000000ed580000, 0x0000000100000000)
  eden space 33280K, 0% used [0x00000000eab00000,0x00000000eab00000,0x00000000ecb80000)
  from space 5120K, 99% used [0x00000000ed080000,0x00000000ed57cad8,0x00000000ed580000)
  to   space 5120K, 0% used [0x00000000ecb80000,0x00000000ecb80000,0x00000000ed080000)
 ParOldGen       total 87552K, used 4976K [0x00000000c0000000, 0x00000000c5580000, 0x00000000eab00000)
  object space 87552K, 5% used [0x00000000c0000000,0x00000000c04dc120,0x00000000c5580000)
 Metaspace       used 6281K, capacity 7094K, committed 7296K, reserved 1056768K
  class space    used 605K, capacity 622K, committed 640K, reserved 1048576K
}
Event: 2.748 GC heap before
{Heap before GC invocations=3 (full 0):
 PSYoungGen      total 38400K, used 38386K [0x00000000eab00000, 0x00000000ed580000, 0x0000000100000000)
  eden space 33280K, 100% used [0x00000000eab00000,0x00000000ecb80000,0x00000000ecb80000)
  from space 5120K, 99% used [0x00000000ed080000,0x00000000ed57cad8,0x00000000ed580000)
  to   space 5120K, 0% used [0x00000000ecb80000,0x00000000ecb80000,0x00000000ed080000)
 ParOldGen       total 87552K, used 4976K [0x00000000c0000000, 0x00000000c5580000, 0x00000000eab00000)
  object space 87552K, 5% used [0x00000000c0000000,0x00000000c04dc120,0x00000000c5580000)
 Metaspace       used 6349K, capacity 7158K, committed 7296K, reserved 1056768K
  class space    used 606K, capacity 622K, committed 640K, reserved 1048576K
Event: 2.758 GC heap after
Heap after GC invocations=3 (full 0):
 PSYoungGen      total 38400K, used 5088K [0x00000000eab00000, 0x00000000ef600000, 0x0000000100000000)
  eden space 33280K, 0% used [0x00000000eab00000,0x00000000eab00000,0x00000000ecb80000)
  from space 5120K, 99% used [0x00000000ecb80000,0x00000000ed078010,0x00000000ed080000)
  to   space 5120K, 0% used [0x00000000ef100000,0x00000000ef100000,0x00000000ef600000)
 ParOldGen       total 87552K, used 10160K [0x00000000c0000000, 0x00000000c5580000, 0x00000000eab00000)
  object space 87552K, 11% used [0x00000000c0000000,0x00000000c09ec388,0x00000000c5580000)
 Metaspace       used 6349K, capacity 7158K, committed 7296K, reserved 1056768K
  class space    used 606K, capacity 622K, committed 640K, reserved 1048576K
}

Deoptimization events (10 events):
Event: 2.974 Thread 0x00000000165e1000 Uncommon trap: reason=class_check action=maybe_recompile pc=0x00000000029ce380 method=java.util.HashMap.putVal(ILjava/lang/Object;Ljava/lang/Object;ZZ)Ljava/lang/Object; @ 203
Event: 3.030 Thread 0x00000000165e1000 Uncommon trap: reason=bimorphic action=maybe_recompile pc=0x0000000002d46f54 method=java.util.HashMap.putVal(ILjava/lang/Object;Ljava/lang/Object;ZZ)Ljava/lang/Object; @ 203
Event: 3.030 Thread 0x00000000165e1000 Uncommon trap: reason=bimorphic action=maybe_recompile pc=0x0000000002d46f54 method=java.util.HashMap.putVal(ILjava/lang/Object;Ljava/lang/Object;ZZ)Ljava/lang/Object; @ 203
Event: 3.030 Thread 0x00000000165e1000 Uncommon trap: reason=bimorphic action=maybe_recompile pc=0x0000000002d46f54 method=java.util.HashMap.putVal(ILjava/lang/Object;Ljava/lang/Object;ZZ)Ljava/lang/Object; @ 203
Event: 3.030 Thread 0x00000000165e1000 Uncommon trap: reason=bimorphic action=maybe_recompile pc=0x0000000002d46f54 method=java.util.HashMap.putVal(ILjava/lang/Object;Ljava/lang/Object;ZZ)Ljava/lang/Object; @ 203
Event: 3.254 Thread 0x00000000165e1000 Uncommon trap: reason=class_check action=maybe_recompile pc=0x000000000290c5dc method=java.util.Arrays.equals([Ljava/lang/Object;[Ljava/lang/Object;)Z @ 62
Event: 3.254 Thread 0x00000000165e1000 Uncommon trap: reason=class_check action=maybe_recompile pc=0x000000000290c5dc method=java.util.Arrays.equals([Ljava/lang/Object;[Ljava/lang/Object;)Z @ 62
Event: 3.254 Thread 0x00000000165e1000 Uncommon trap: reason=class_check action=maybe_recompile pc=0x000000000290c5dc method=java.util.Arrays.equals([Ljava/lang/Object;[Ljava/lang/Object;)Z @ 62
Event: 3.254 Thread 0x00000000165e1000 Uncommon trap: reason=class_check action=maybe_recompile pc=0x000000000290c5dc method=java.util.Arrays.equals([Ljava/lang/Object;[Ljava/lang/Object;)Z @ 62
Event: 3.293 Thread 0x00000000165e1000 Uncommon trap: reason=unstable_if action=reinterpret pc=0x0000000002d206a0 method=java.util.TreeMap.put(Ljava/lang/Object;Ljava/lang/Object;)Ljava/lang/Object; @ 163

Internal exceptions (2 events):
Event: 0.092 Thread 0x00000000008fe000 Exception <a 'java/lang/NoSuchMethodError': Method sun.misc.Unsafe.defineClass(Ljava/lang/String;[BII)Ljava/lang/Class; name or signature does not match> (0x00000000eab130a0) thrown at [D:\re\puppet\workspace\8-2-build-windows-amd64-cygwin\jdk8u73\6086\hotŒ™PÆ¬·?
Event: 0.092 Thread 0x00000000008fe000 Exception <a 'java/lang/NoSuchMethodError': Method sun.misc.Unsafe.prefetchRead(Ljava/lang/Object;J)V name or signature does not match> (0x00000000eab13388) thrown at [D:\re\puppet\workspace\8-2-build-windows-amd64-cygwin\jdk8u73\6086\hotspot\src\share\vm\

Events (10 events):
Event: 3.254 Thread 0x00000000165e1000 DEOPT UNPACKING pc=0x000000000265582a sp=0x000000001892e960 mode 2
Event: 3.254 loading class com/android/dx/dex/code/CatchTable$Entry
Event: 3.254 loading class com/android/dx/dex/code/CatchTable$Entry done
Event: 3.254 loading class com/android/dx/util/ByteArrayAnnotatedOutput
Event: 3.254 loading class com/android/dx/util/ByteArrayAnnotatedOutput done
Event: 3.265 loading class com/android/dx/rop/code/RegisterSpecList$Expander
Event: 3.265 loading class com/android/dx/rop/code/RegisterSpecList$Expander done
Event: 3.293 Thread 0x00000000165e1000 Uncommon trap: trap_request=0xffffff65 fr.pc=0x0000000002d206a0
Event: 3.293 Thread 0x00000000165e1000 DEOPT PACKING pc=0x0000000002d206a0 sp=0x000000001892ebe0
Event: 3.293 Thread 0x00000000165e1000 DEOPT UNPACKING pc=0x000000000265582a sp=0x000000001892ebc0 mode 2


Dynamic libraries:
0x00007ff722aa0000 - 0x00007ff722ad7000 	C:\Program Files\Java\jdk1.8.0_73\bin\java.exe
0x00007ffdf67e0000 - 0x00007ffdf69a1000 	C:\WINDOWS\SYSTEM32\ntdll.dll
0x00007ffdf3cb0000 - 0x00007ffdf3d5d000 	C:\WINDOWS\system32\KERNEL32.DLL
0x00007ffdf3930000 - 0x00007ffdf3b18000 	C:\WINDOWS\system32\KERNELBASE.dll
0x00007ffdf60b0000 - 0x00007ffdf6157000 	C:\WINDOWS\system32\ADVAPI32.dll
0x00007ffdf4170000 - 0x00007ffdf420d000 	C:\WINDOWS\system32\msvcrt.dll
0x00007ffdf4710000 - 0x00007ffdf476b000 	C:\WINDOWS\system32\sechost.dll
0x00007ffdf45f0000 - 0x00007ffdf470c000 	C:\WINDOWS\system32\RPCRT4.dll
0x00007ffdf47d0000 - 0x00007ffdf4926000 	C:\WINDOWS\system32\USER32.dll
0x00007ffdf6160000 - 0x00007ffdf62e6000 	C:\WINDOWS\system32\GDI32.dll
0x00007ffde3af0000 - 0x00007ffde3d64000 	C:\WINDOWS\WinSxS\amd64_microsoft.windows.common-controls_6595b64144ccf1df_6.0.10586.0_none_8c15ae12515e1c22\COMCTL32.dll
0x00007ffdf4370000 - 0x00007ffdf45ed000 	C:\WINDOWS\system32\combase.dll
0x00007ffdf2e90000 - 0x00007ffdf2efa000 	C:\WINDOWS\system32\bcryptPrimitives.dll
0x00007ffdf3f10000 - 0x00007ffdf3f4b000 	C:\WINDOWS\system32\IMM32.DLL
0x0000000075d70000 - 0x0000000075e42000 	C:\Program Files\Java\jdk1.8.0_73\jre\bin\msvcr100.dll
0x0000000076250000 - 0x0000000076ae0000 	C:\Program Files\Java\jdk1.8.0_73\jre\bin\server\jvm.dll
0x00007ffdf49c0000 - 0x00007ffdf49c8000 	C:\WINDOWS\system32\PSAPI.DLL
0x00007ffdf0d10000 - 0x00007ffdf0d19000 	C:\WINDOWS\SYSTEM32\WSOCK32.dll
0x00007ffdf49d0000 - 0x00007ffdf4a3b000 	C:\WINDOWS\system32\WS2_32.dll
0x00007ffdf11e0000 - 0x00007ffdf1203000 	C:\WINDOWS\SYSTEM32\WINMM.dll
0x00007ffde6ea0000 - 0x00007ffde6eaa000 	C:\WINDOWS\SYSTEM32\VERSION.dll
0x00007ffdf1130000 - 0x00007ffdf115c000 	C:\WINDOWS\SYSTEM32\WINMMBASE.dll
0x00007ffdf37a0000 - 0x00007ffdf37e3000 	C:\WINDOWS\system32\cfgmgr32.dll
0x0000000076e60000 - 0x0000000076e6f000 	C:\Program Files\Java\jdk1.8.0_73\jre\bin\verify.dll
0x0000000076e30000 - 0x0000000076e59000 	C:\Program Files\Java\jdk1.8.0_73\jre\bin\java.dll
0x0000000076e10000 - 0x0000000076e26000 	C:\Program Files\Java\jdk1.8.0_73\jre\bin\zip.dll
0x00007ffdf4b50000 - 0x00007ffdf60ac000 	C:\WINDOWS\system32\SHELL32.dll
0x00007ffdf30d0000 - 0x00007ffdf3715000 	C:\WINDOWS\system32\windows.storage.dll
0x00007ffdf4770000 - 0x00007ffdf47c2000 	C:\WINDOWS\system32\shlwapi.dll
0x00007ffdf2e30000 - 0x00007ffdf2e3f000 	C:\WINDOWS\system32\kernel.appcore.dll
0x00007ffdf3b20000 - 0x00007ffdf3bd5000 	C:\WINDOWS\system32\shcore.dll
0x00007ffdf2e40000 - 0x00007ffdf2e8b000 	C:\WINDOWS\system32\powrprof.dll
0x00007ffdf2e10000 - 0x00007ffdf2e24000 	C:\WINDOWS\system32\profapi.dll

VM Arguments:
jvm_args: -Djava.awt.headless=true -Xmx1024M -Dfile.encoding=GBK -Duser.country=CN -Duser.language=zh -Duser.variant 
java_command: com.android.dx.command.Main --dex --force-jumbo --num-threads=4 --multi-dex --output E:\AndroidStudioProjects\Photopicker\app\build\intermediates\transforms\dex\debug\folders\1000\10\internal_impl-23.3.0_6cb86ecdee87162317a515ec30f5b0997d6b93d4 E:\AndroidStudioProjects\Photopicker\app\build\intermediates\exploded-aar\com.android.support\support-v4\23.3.0\jars\libs\internal_impl-23.3.0.jar
java_class_path (initial): D:\android_sdk\build-tools\23.0.3\lib\dx.jar
Launcher Type: SUN_STANDARD

Environment Variables:
JAVA_HOME=C:\Program Files\Java\jdk1.8.0_73
CLASSPATH=.;C:\Program Files\Java\jdk1.8.0_73\lib\dt.jar;C:\Program Files\Java\jdk1.8.0_73\lib\tools.jar;
PATH=C:\ProgramData\Oracle\Java\javapath;C:\Program Files (x86)\Intel\iCLS Client\;C:\Program Files\Intel\iCLS Client\;C:\Windows\system32;C:\Windows;C:\Windows\System32\Wbem;C:\Windows\System32\WindowsPowerShell\v1.0\;C:\Program Files (x86)\NVIDIA Corporation\PhysX\Common;C:\Program Files (x86)\Intel\Intel(R) Management Engine Components\DAL;C:\Program Files\Intel\Intel(R) Management Engine Components\DAL;C:\Program Files (x86)\Intel\Intel(R) Management Engine Components\IPT;C:\Program Files\Intel\Intel(R) Management Engine Components\IPT;C:\Program Files\Intel\WiFi\bin\;C:\Program Files\Common Files\Intel\WirelessCommon\;C:\WINDOWS\system32;C:\WINDOWS;C:\WINDOWS\System32\Wbem;C:\WINDOWS\System32\WindowsPowerShell\v1.0\;D:\Android_Tools\android-sdk-windows_SDKTools 24.1.2_SDK5.1\android-sdk-windowsplatform-tools;D:\Android_Tools\android-sdk-windows_SDKTools 24.1.2_SDK5.1\android-sdk-windowstools;C:\Program Files\Java\jdk1.8.0_73\bin;C:\Program Files\Java\jdk1.8.0_73\jre\bin;D:\Android_Tools\android-sdk-windows_SD
USERNAME=zzq
OS=Windows_NT
PROCESSOR_IDENTIFIER=Intel64 Family 6 Model 94 Stepping 3, GenuineIntel



---------------  S Y S T E M  ---------------

OS: Windows 10.0 , 64 bit Build 10586 (10.0.10586.0)

CPU:total 4 (4 cores per cpu, 1 threads per core) family 6 model 94 stepping 3, cmov, cx8, fxsr, mmx, sse, sse2, sse3, ssse3, sse4.1, sse4.2, popcnt, avx, avx2, aes, clmul, erms, rtm, 3dnowpref, lzcnt, tsc, tscinvbit, bmi1, bmi2, adx

Memory: 4k page, physical 8300452k(1929440k free), swap 8300452k(5080k free)

vm_info: Java HotSpot(TM) 64-Bit Server VM (25.73-b02) for windows-amd64 JRE (1.8.0_73-b02), built on Jan 29 2016 17:38:49 by "java_re" with MS VC++ 10.0 (VS2010)

time: Sat May 07 19:35:29 2016
elapsed time: 3 seconds (0d 0h 0m 3s)

